<?xml version="1.0" encoding="UTF-8"?>
<testsuite name="com.pjh.linkumentapi.service.UserServiceTest" tests="1" skipped="0" failures="0" errors="0" timestamp="2023-01-04T02:23:11" hostname="bagjonghun-ui-MacBookAir.local" time="0.015">
  <properties/>
  <testcase name="findUserById()" classname="com.pjh.linkumentapi.service.UserServiceTest" time="0.015"/>
  <system-out><![CDATA[11:23:09.219 [Test worker] DEBUG org.springframework.boot.test.context.SpringBootTestContextBootstrapper - Neither @ContextConfiguration nor @ContextHierarchy found for test class [UserServiceTest]: using SpringBootContextLoader
11:23:09.222 [Test worker] DEBUG org.springframework.test.context.support.AbstractContextLoader - Could not detect default resource locations for test class [com.pjh.linkumentapi.service.UserServiceTest]: no resource found for suffixes {-context.xml, Context.groovy}.
11:23:09.222 [Test worker] INFO org.springframework.test.context.support.AnnotationConfigContextLoaderUtils - Could not detect default configuration classes for test class [com.pjh.linkumentapi.service.UserServiceTest]: UserServiceTest does not declare any static, non-private, non-final, nested classes annotated with @Configuration.
11:23:09.236 [Test worker] DEBUG org.springframework.boot.test.context.SpringBootTestContextBootstrapper - Using ContextCustomizers for test class [UserServiceTest]: [DisableObservabilityContextCustomizer, PropertyMappingContextCustomizer, Customizer, ExcludeFilterContextCustomizer, DuplicateJsonObjectContextCustomizer, MockitoContextCustomizer, TestRestTemplateContextCustomizer]
11:23:09.273 [Test worker] DEBUG org.springframework.context.annotation.ClassPathScanningCandidateComponentProvider - Identified candidate component class: file [/Users/bagjonghun/programming/android_studio/Linkument/API/build/classes/kotlin/main/com/pjh/linkumentapi/LinkumentApiApplication.class]
11:23:09.274 [Test worker] INFO org.springframework.boot.test.context.SpringBootTestContextBootstrapper - Found @SpringBootConfiguration com.pjh.linkumentapi.LinkumentApiApplication for test class com.pjh.linkumentapi.service.UserServiceTest
11:23:09.317 [Test worker] DEBUG org.springframework.boot.test.context.SpringBootTestContextBootstrapper - Using TestExecutionListeners for test class [UserServiceTest]: [ServletTestExecutionListener, DirtiesContextBeforeModesTestExecutionListener, ApplicationEventsTestExecutionListener, MockitoTestExecutionListener, DependencyInjectionTestExecutionListener, DirtiesContextTestExecutionListener, TransactionalTestExecutionListener, SqlScriptsTestExecutionListener, EventPublishingTestExecutionListener, RestDocsTestExecutionListener, MockRestServiceServerResetTestExecutionListener, MockMvcPrintOnlyOnFailureTestExecutionListener, WebDriverTestExecutionListener, MockWebServiceServerTestExecutionListener, ResetMocksTestExecutionListener]
11:23:09.317 [Test worker] DEBUG org.springframework.test.context.support.AbstractDirtiesContextTestExecutionListener - Before test class: class [UserServiceTest], class annotated with @DirtiesContext [false] with mode [null]

  .   ____          _            __ _ _
 /\\ / ___'_ __ _ _(_)_ __  __ _ \ \ \ \
( ( )\___ | '_ | '_| | '_ \/ _` | \ \ \ \
 \\/  ___)| |_)| | | | | || (_| |  ) ) ) )
  '  |____| .__|_| |_|_| |_\__, | / / / /
 =========|_|==============|___/=/_/_/_/
 :: Spring Boot ::                (v3.0.1)

2023-01-04T11:23:09.459+09:00  INFO 55006 --- [    Test worker] c.p.l.service.UserServiceTest            : Starting UserServiceTest using Java 17.0.2 with PID 55006 (started by bagjonghun in /Users/bagjonghun/programming/android_studio/Linkument/API)
2023-01-04T11:23:09.460+09:00  INFO 55006 --- [    Test worker] c.p.l.service.UserServiceTest            : No active profile set, falling back to 1 default profile: "default"
2023-01-04T11:23:09.799+09:00  INFO 55006 --- [    Test worker] .s.d.r.c.RepositoryConfigurationDelegate : Bootstrapping Spring Data JPA repositories in DEFAULT mode.
2023-01-04T11:23:09.830+09:00  INFO 55006 --- [    Test worker] .s.d.r.c.RepositoryConfigurationDelegate : Finished Spring Data repository scanning in 26 ms. Found 1 JPA repository interfaces.
2023-01-04T11:23:10.026+09:00  INFO 55006 --- [    Test worker] o.hibernate.jpa.internal.util.LogHelper  : HHH000204: Processing PersistenceUnitInfo [name: default]
2023-01-04T11:23:10.051+09:00  INFO 55006 --- [    Test worker] org.hibernate.Version                    : HHH000412: Hibernate ORM core version 6.1.6.Final
2023-01-04T11:23:10.125+09:00  WARN 55006 --- [    Test worker] org.hibernate.orm.deprecation            : HHH90000021: Encountered deprecated setting [javax.persistence.sharedCache.mode], use [jakarta.persistence.sharedCache.mode] instead
2023-01-04T11:23:10.181+09:00  INFO 55006 --- [    Test worker] com.zaxxer.hikari.HikariDataSource       : HikariPool-1 - Starting...
2023-01-04T11:23:10.448+09:00  INFO 55006 --- [    Test worker] com.zaxxer.hikari.pool.HikariPool        : HikariPool-1 - Added connection com.mysql.cj.jdbc.ConnectionImpl@27502e5c
2023-01-04T11:23:10.449+09:00  INFO 55006 --- [    Test worker] com.zaxxer.hikari.HikariDataSource       : HikariPool-1 - Start completed.
2023-01-04T11:23:10.458+09:00  INFO 55006 --- [    Test worker] SQL dialect                              : HHH000400: Using dialect: org.hibernate.dialect.MySQL57Dialect
2023-01-04T11:23:10.458+09:00  WARN 55006 --- [    Test worker] org.hibernate.orm.deprecation            : HHH90000026: MySQL57Dialect has been deprecated; use org.hibernate.dialect.MySQLDialect instead
2023-01-04T11:23:10.705+09:00  INFO 55006 --- [    Test worker] o.h.e.t.j.p.i.JtaPlatformInitiator       : HHH000490: Using JtaPlatform implementation: [org.hibernate.engine.transaction.jta.platform.internal.NoJtaPlatform]
2023-01-04T11:23:10.710+09:00  INFO 55006 --- [    Test worker] j.LocalContainerEntityManagerFactoryBean : Initialized JPA EntityManagerFactory for persistence unit 'default'
2023-01-04T11:23:11.046+09:00  WARN 55006 --- [    Test worker] JpaBaseConfiguration$JpaWebConfiguration : spring.jpa.open-in-view is enabled by default. Therefore, database queries may be performed during view rendering. Explicitly configure spring.jpa.open-in-view to disable this warning
2023-01-04T11:23:11.205+09:00  INFO 55006 --- [    Test worker] c.p.l.service.UserServiceTest            : Started UserServiceTest in 1.863 seconds (process running for 2.441)
]]></system-out>
  <system-err><![CDATA[]]></system-err>
</testsuite>
