<?xml version="1.0" encoding="UTF-8"?>
<testsuite name="com.pjh.linkumentapi.controller.FirstStepControllerTest" tests="1" skipped="0" failures="0" errors="0" timestamp="2023-01-04T03:16:40" hostname="bagjonghun-ui-MacBookAir.local" time="0.018">
  <properties/>
  <testcase name="deleteUser()" classname="com.pjh.linkumentapi.controller.FirstStepControllerTest" time="0.018"/>
  <system-out><![CDATA[12:16:39.945 [Test worker] DEBUG org.springframework.boot.test.autoconfigure.web.client.RestClientTestContextBootstrapper - Neither @ContextConfiguration nor @ContextHierarchy found for test class [FirstStepControllerTest]: using SpringBootContextLoader
12:16:39.947 [Test worker] DEBUG org.springframework.test.context.support.AbstractContextLoader - Could not detect default resource locations for test class [com.pjh.linkumentapi.controller.FirstStepControllerTest]: no resource found for suffixes {-context.xml, Context.groovy}.
12:16:39.948 [Test worker] INFO org.springframework.test.context.support.AnnotationConfigContextLoaderUtils - Could not detect default configuration classes for test class [com.pjh.linkumentapi.controller.FirstStepControllerTest]: FirstStepControllerTest does not declare any static, non-private, non-final, nested classes annotated with @Configuration.
12:16:39.968 [Test worker] DEBUG org.springframework.boot.test.autoconfigure.web.client.RestClientTestContextBootstrapper - Using ContextCustomizers for test class [FirstStepControllerTest]: [DisableAutoConfigurationContextCustomizer, DisableObservabilityContextCustomizer, TypeExcludeFiltersContextCustomizer, PropertyMappingContextCustomizer, Customizer, ImportsContextCustomizer, ExcludeFilterContextCustomizer, DuplicateJsonObjectContextCustomizer, MockitoContextCustomizer]
12:16:40.003 [Test worker] DEBUG org.springframework.context.annotation.ClassPathScanningCandidateComponentProvider - Identified candidate component class: file [/Users/bagjonghun/programming/android_studio/Linkument/API/build/classes/kotlin/main/com/pjh/linkumentapi/LinkumentApiApplication.class]
12:16:40.004 [Test worker] INFO org.springframework.boot.test.context.SpringBootTestContextBootstrapper - Found @SpringBootConfiguration com.pjh.linkumentapi.LinkumentApiApplication for test class com.pjh.linkumentapi.controller.FirstStepControllerTest
12:16:40.015 [Test worker] DEBUG org.springframework.boot.test.autoconfigure.web.client.RestClientTestContextBootstrapper - Using TestExecutionListeners for test class [FirstStepControllerTest]: [ServletTestExecutionListener, DirtiesContextBeforeModesTestExecutionListener, ApplicationEventsTestExecutionListener, MockitoTestExecutionListener, DependencyInjectionTestExecutionListener, DirtiesContextTestExecutionListener, TransactionalTestExecutionListener, SqlScriptsTestExecutionListener, EventPublishingTestExecutionListener, RestDocsTestExecutionListener, MockRestServiceServerResetTestExecutionListener, MockMvcPrintOnlyOnFailureTestExecutionListener, WebDriverTestExecutionListener, MockWebServiceServerTestExecutionListener, ResetMocksTestExecutionListener]
12:16:40.016 [Test worker] DEBUG org.springframework.test.context.support.AbstractDirtiesContextTestExecutionListener - Before test class: class [FirstStepControllerTest], class annotated with @DirtiesContext [false] with mode [null]
12:16:40.238 [Test worker] DEBUG org.springframework.test.context.support.DependencyInjectionTestExecutionListener - Performing dependency injection for test class com.pjh.linkumentapi.controller.FirstStepControllerTest

  .   ____          _            __ _ _
 /\\ / ___'_ __ _ _(_)_ __  __ _ \ \ \ \
( ( )\___ | '_ | '_| | '_ \/ _` | \ \ \ \
 \\/  ___)| |_)| | | | | || (_| |  ) ) ) )
  '  |____| .__|_| |_|_| |_\__, | / / / /
 =========|_|==============|___/=/_/_/_/
 :: Spring Boot ::                (v3.0.1)

2023-01-04T12:16:40.401+09:00  INFO 56792 --- [    Test worker] c.p.l.c.FirstStepControllerTest          : Starting FirstStepControllerTest using Java 17.0.2 with PID 56792 (started by bagjonghun in /Users/bagjonghun/programming/android_studio/Linkument/API)
2023-01-04T12:16:40.402+09:00  INFO 56792 --- [    Test worker] c.p.l.c.FirstStepControllerTest          : No active profile set, falling back to 1 default profile: "default"
2023-01-04T12:16:40.729+09:00  INFO 56792 --- [    Test worker] c.p.l.c.FirstStepControllerTest          : Started FirstStepControllerTest in 0.476 seconds (process running for 1.156)
]]></system-out>
  <system-err><![CDATA[]]></system-err>
</testsuite>
