<?xml version="1.0" encoding="UTF-8"?>
<testsuite name="com.pjh.linkumentapi.service.UserServiceTest" tests="1" skipped="0" failures="0" errors="0" timestamp="2023-01-04T03:06:17" hostname="bagjonghun-ui-MacBookAir.local" time="0.018">
  <properties/>
  <testcase name="deleteUser()" classname="com.pjh.linkumentapi.service.UserServiceTest" time="0.018"/>
  <system-out><![CDATA[12:06:16.685 [Test worker] DEBUG org.springframework.boot.test.autoconfigure.web.client.RestClientTestContextBootstrapper - Neither @ContextConfiguration nor @ContextHierarchy found for test class [UserServiceTest]: using SpringBootContextLoader
12:06:16.688 [Test worker] DEBUG org.springframework.test.context.support.AbstractContextLoader - Could not detect default resource locations for test class [com.pjh.linkumentapi.service.UserServiceTest]: no resource found for suffixes {-context.xml, Context.groovy}.
12:06:16.688 [Test worker] INFO org.springframework.test.context.support.AnnotationConfigContextLoaderUtils - Could not detect default configuration classes for test class [com.pjh.linkumentapi.service.UserServiceTest]: UserServiceTest does not declare any static, non-private, non-final, nested classes annotated with @Configuration.
12:06:16.708 [Test worker] DEBUG org.springframework.boot.test.autoconfigure.web.client.RestClientTestContextBootstrapper - Using ContextCustomizers for test class [UserServiceTest]: [DisableAutoConfigurationContextCustomizer, DisableObservabilityContextCustomizer, TypeExcludeFiltersContextCustomizer, PropertyMappingContextCustomizer, Customizer, ImportsContextCustomizer, ExcludeFilterContextCustomizer, DuplicateJsonObjectContextCustomizer, MockitoContextCustomizer]
12:06:16.739 [Test worker] DEBUG org.springframework.context.annotation.ClassPathScanningCandidateComponentProvider - Identified candidate component class: file [/Users/bagjonghun/programming/android_studio/Linkument/API/build/classes/kotlin/main/com/pjh/linkumentapi/LinkumentApiApplication.class]
12:06:16.740 [Test worker] INFO org.springframework.boot.test.context.SpringBootTestContextBootstrapper - Found @SpringBootConfiguration com.pjh.linkumentapi.LinkumentApiApplication for test class com.pjh.linkumentapi.service.UserServiceTest
12:06:16.751 [Test worker] DEBUG org.springframework.boot.test.autoconfigure.web.client.RestClientTestContextBootstrapper - Using TestExecutionListeners for test class [UserServiceTest]: [ServletTestExecutionListener, DirtiesContextBeforeModesTestExecutionListener, ApplicationEventsTestExecutionListener, MockitoTestExecutionListener, DependencyInjectionTestExecutionListener, DirtiesContextTestExecutionListener, TransactionalTestExecutionListener, SqlScriptsTestExecutionListener, EventPublishingTestExecutionListener, RestDocsTestExecutionListener, MockRestServiceServerResetTestExecutionListener, MockMvcPrintOnlyOnFailureTestExecutionListener, WebDriverTestExecutionListener, MockWebServiceServerTestExecutionListener, ResetMocksTestExecutionListener]
12:06:16.751 [Test worker] DEBUG org.springframework.test.context.support.AbstractDirtiesContextTestExecutionListener - Before test class: class [UserServiceTest], class annotated with @DirtiesContext [false] with mode [null]
12:06:16.990 [Test worker] DEBUG org.springframework.test.context.support.DependencyInjectionTestExecutionListener - Performing dependency injection for test class com.pjh.linkumentapi.service.UserServiceTest

  .   ____          _            __ _ _
 /\\ / ___'_ __ _ _(_)_ __  __ _ \ \ \ \
( ( )\___ | '_ | '_| | '_ \/ _` | \ \ \ \
 \\/  ___)| |_)| | | | | || (_| |  ) ) ) )
  '  |____| .__|_| |_|_| |_\__, | / / / /
 =========|_|==============|___/=/_/_/_/
 :: Spring Boot ::                (v3.0.1)

2023-01-04T12:06:17.151+09:00  INFO 56395 --- [    Test worker] c.p.l.service.UserServiceTest            : Starting UserServiceTest using Java 17.0.2 with PID 56395 (started by bagjonghun in /Users/bagjonghun/programming/android_studio/Linkument/API)
2023-01-04T12:06:17.154+09:00  INFO 56395 --- [    Test worker] c.p.l.service.UserServiceTest            : No active profile set, falling back to 1 default profile: "default"
2023-01-04T12:06:17.474+09:00  INFO 56395 --- [    Test worker] c.p.l.service.UserServiceTest            : Started UserServiceTest in 0.467 seconds (process running for 1.183)
]]></system-out>
  <system-err><![CDATA[]]></system-err>
</testsuite>
